
=========================================================
================= NVIDIA HPC Benchmarks =================
=========================================================
NVIDIA Release 24.06
Copyright (c) 2023, NVIDIA CORPORATION & AFFILIATES. All rights reserved.

Various files include modifications (c) NVIDIA CORPORATION & AFFILIATES.  All rights reserved.

This container image and its contents are governed by the NVIDIA Deep Learning Container License.
By pulling and using the container, you accept the terms and conditions of this license:
https://developer.nvidia.com/ngc/nvidia-deep-learning-container-license

=========================================================
================= NVIDIA HPC Benchmarks =================
=========================================================
NVIDIA Release 24.06
Copyright (c) 2023, NVIDIA CORPORATION & AFFILIATES. All rights reserved.

Various files include modifications (c) NVIDIA CORPORATION & AFFILIATES.  All rights reserved.

This container image and its contents are governed by the NVIDIA Deep Learning Container License.
By pulling and using the container, you accept the terms and conditions of this license:
https://developer.nvidia.com/ngc/nvidia-deep-learning-container-license

=========================================================
================= NVIDIA HPC Benchmarks =================
=========================================================
NVIDIA Release 24.06
Copyright (c) 2023, NVIDIA CORPORATION & AFFILIATES. All rights reserved.

Various files include modifications (c) NVIDIA CORPORATION & AFFILIATES.  All rights reserved.

This container image and its contents are governed by the NVIDIA Deep Learning Container License.
By pulling and using the container, you accept the terms and conditions of this license:
https://developer.nvidia.com/ngc/nvidia-deep-learning-container-license

=========================================================
================= NVIDIA HPC Benchmarks =================
=========================================================
NVIDIA Release 24.06
Copyright (c) 2023, NVIDIA CORPORATION & AFFILIATES. All rights reserved.

Various files include modifications (c) NVIDIA CORPORATION & AFFILIATES.  All rights reserved.

This container image and its contents are governed by the NVIDIA Deep Learning Container License.
By pulling and using the container, you accept the terms and conditions of this license:
https://developer.nvidia.com/ngc/nvidia-deep-learning-container-license

=========================================================
================= NVIDIA HPC Benchmarks =================

=========================================================
================= NVIDIA HPC Benchmarks =================

=========================================================
================= NVIDIA HPC Benchmarks =================
=========================================================
NVIDIA Release 24.06
Copyright (c) 2023, NVIDIA CORPORATION & AFFILIATES. All rights reserved.
=========================================================
NVIDIA Release 24.06

Various files include modifications (c) NVIDIA CORPORATION & AFFILIATES.  All rights reserved.

This container image and its contents are governed by the NVIDIA Deep Learning Container License.
By pulling and using the container, you accept the terms and conditions of this license:
https://developer.nvidia.com/ngc/nvidia-deep-learning-container-license
Copyright (c) 2023, NVIDIA CORPORATION & AFFILIATES. All rights reserved.

=========================================================
================= NVIDIA HPC Benchmarks =================

Various files include modifications (c) NVIDIA CORPORATION & AFFILIATES.  All rights reserved.

This container image and its contents are governed by the NVIDIA Deep Learning Container License.
By pulling and using the container, you accept the terms and conditions of this license:
https://developer.nvidia.com/ngc/nvidia-deep-learning-container-license
=========================================================
NVIDIA Release 24.06
Copyright (c) 2023, NVIDIA CORPORATION & AFFILIATES. All rights reserved.

Various files include modifications (c) NVIDIA CORPORATION & AFFILIATES.  All rights reserved.

This container image and its contents are governed by the NVIDIA Deep Learning Container License.
By pulling and using the container, you accept the terms and conditions of this license:
https://developer.nvidia.com/ngc/nvidia-deep-learning-container-license
=========================================================
NVIDIA Release 24.06
Copyright (c) 2023, NVIDIA CORPORATION & AFFILIATES. All rights reserved.

Various files include modifications (c) NVIDIA CORPORATION & AFFILIATES.  All rights reserved.

This container image and its contents are governed by the NVIDIA Deep Learning Container License.
By pulling and using the container, you accept the terms and conditions of this license:
https://developer.nvidia.com/ngc/nvidia-deep-learning-container-license








HPCG-NVIDIA 24.6.0  -- NVIDIA accelerated HPCG benchmark -- NVIDIA
Build v0.5.3 

Start of application (GPU-Only) ...

=========================================================
================= NVIDIA HPC Benchmarks =================

=========================================================
================= NVIDIA HPC Benchmarks =================
=========================================================
NVIDIA Release 24.06
Copyright (c) 2023, NVIDIA CORPORATION & AFFILIATES. All rights reserved.

Various files include modifications (c) NVIDIA CORPORATION & AFFILIATES.  All rights reserved.

This container image and its contents are governed by the NVIDIA Deep Learning Container License.
By pulling and using the container, you accept the terms and conditions of this license:
https://developer.nvidia.com/ngc/nvidia-deep-learning-container-license
=========================================================
NVIDIA Release 24.06
Copyright (c) 2023, NVIDIA CORPORATION & AFFILIATES. All rights reserved.

Various files include modifications (c) NVIDIA CORPORATION & AFFILIATES.  All rights reserved.

This container image and its contents are governed by the NVIDIA Deep Learning Container License.
By pulling and using the container, you accept the terms and conditions of this license:
https://developer.nvidia.com/ngc/nvidia-deep-learning-container-license

=========================================================
================= NVIDIA HPC Benchmarks =================
=========================================================
NVIDIA Release 24.06
Copyright (c) 2023, NVIDIA CORPORATION & AFFILIATES. All rights reserved.

Various files include modifications (c) NVIDIA CORPORATION & AFFILIATES.  All rights reserved.

This container image and its contents are governed by the NVIDIA Deep Learning Container License.
By pulling and using the container, you accept the terms and conditions of this license:
https://developer.nvidia.com/ngc/nvidia-deep-learning-container-license

=========================================================
================= NVIDIA HPC Benchmarks =================
=========================================================
NVIDIA Release 24.06
Copyright (c) 2023, NVIDIA CORPORATION & AFFILIATES. All rights reserved.

Various files include modifications (c) NVIDIA CORPORATION & AFFILIATES.  All rights reserved.

This container image and its contents are governed by the NVIDIA Deep Learning Container License.
By pulling and using the container, you accept the terms and conditions of this license:
https://developer.nvidia.com/ngc/nvidia-deep-learning-container-license

=========================================================
================= NVIDIA HPC Benchmarks =================

=========================================================
================= NVIDIA HPC Benchmarks =================
=========================================================
NVIDIA Release 24.06
=========================================================
NVIDIA Release 24.06
Copyright (c) 2023, NVIDIA CORPORATION & AFFILIATES. All rights reserved.
Copyright (c) 2023, NVIDIA CORPORATION & AFFILIATES. All rights reserved.

Various files include modifications (c) NVIDIA CORPORATION & AFFILIATES.  All rights reserved.

This container image and its contents are governed by the NVIDIA Deep Learning Container License.
By pulling and using the container, you accept the terms and conditions of this license:
https://developer.nvidia.com/ngc/nvidia-deep-learning-container-license

Various files include modifications (c) NVIDIA CORPORATION & AFFILIATES.  All rights reserved.

This container image and its contents are governed by the NVIDIA Deep Learning Container License.
By pulling and using the container, you accept the terms and conditions of this license:
https://developer.nvidia.com/ngc/nvidia-deep-learning-container-license

=========================================================
================= NVIDIA HPC Benchmarks =================

=========================================================
================= NVIDIA HPC Benchmarks =================
=========================================================
NVIDIA Release 24.06
=========================================================
NVIDIA Release 24.06
Copyright (c) 2023, NVIDIA CORPORATION & AFFILIATES. All rights reserved.
Copyright (c) 2023, NVIDIA CORPORATION & AFFILIATES. All rights reserved.

Various files include modifications (c) NVIDIA CORPORATION & AFFILIATES.  All rights reserved.

This container image and its contents are governed by the NVIDIA Deep Learning Container License.
By pulling and using the container, you accept the terms and conditions of this license:
https://developer.nvidia.com/ngc/nvidia-deep-learning-container-license

Various files include modifications (c) NVIDIA CORPORATION & AFFILIATES.  All rights reserved.

This container image and its contents are governed by the NVIDIA Deep Learning Container License.
By pulling and using the container, you accept the terms and conditions of this license:
https://developer.nvidia.com/ngc/nvidia-deep-learning-container-license








HPCG-NVIDIA 24.6.0  -- NVIDIA accelerated HPCG benchmark -- NVIDIA
Build v0.5.3 

Start of application (GPU-Only) ...

=========================================================
================= NVIDIA HPC Benchmarks =================

=========================================================
================= NVIDIA HPC Benchmarks =================
=========================================================
NVIDIA Release 24.06
=========================================================
NVIDIA Release 24.06
Copyright (c) 2023, NVIDIA CORPORATION & AFFILIATES. All rights reserved.
Copyright (c) 2023, NVIDIA CORPORATION & AFFILIATES. All rights reserved.

Various files include modifications (c) NVIDIA CORPORATION & AFFILIATES.  All rights reserved.

This container image and its contents are governed by the NVIDIA Deep Learning Container License.
By pulling and using the container, you accept the terms and conditions of this license:
https://developer.nvidia.com/ngc/nvidia-deep-learning-container-license

Various files include modifications (c) NVIDIA CORPORATION & AFFILIATES.  All rights reserved.

This container image and its contents are governed by the NVIDIA Deep Learning Container License.
By pulling and using the container, you accept the terms and conditions of this license:
https://developer.nvidia.com/ngc/nvidia-deep-learning-container-license

=========================================================
================= NVIDIA HPC Benchmarks =================
=========================================================
NVIDIA Release 24.06
Copyright (c) 2023, NVIDIA CORPORATION & AFFILIATES. All rights reserved.

Various files include modifications (c) NVIDIA CORPORATION & AFFILIATES.  All rights reserved.

This container image and its contents are governed by the NVIDIA Deep Learning Container License.
By pulling and using the container, you accept the terms and conditions of this license:
https://developer.nvidia.com/ngc/nvidia-deep-learning-container-license

=========================================================
================= NVIDIA HPC Benchmarks =================

=========================================================
================= NVIDIA HPC Benchmarks =================
=========================================================
NVIDIA Release 24.06

=========================================================
================= NVIDIA HPC Benchmarks =================
Copyright (c) 2023, NVIDIA CORPORATION & AFFILIATES. All rights reserved.

Various files include modifications (c) NVIDIA CORPORATION & AFFILIATES.  All rights reserved.

This container image and its contents are governed by the NVIDIA Deep Learning Container License.
By pulling and using the container, you accept the terms and conditions of this license:
https://developer.nvidia.com/ngc/nvidia-deep-learning-container-license
=========================================================
NVIDIA Release 24.06
Copyright (c) 2023, NVIDIA CORPORATION & AFFILIATES. All rights reserved.

Various files include modifications (c) NVIDIA CORPORATION & AFFILIATES.  All rights reserved.

This container image and its contents are governed by the NVIDIA Deep Learning Container License.
By pulling and using the container, you accept the terms and conditions of this license:
https://developer.nvidia.com/ngc/nvidia-deep-learning-container-license
=========================================================
NVIDIA Release 24.06
Copyright (c) 2023, NVIDIA CORPORATION & AFFILIATES. All rights reserved.

Various files include modifications (c) NVIDIA CORPORATION & AFFILIATES.  All rights reserved.

This container image and its contents are governed by the NVIDIA Deep Learning Container License.
By pulling and using the container, you accept the terms and conditions of this license:
https://developer.nvidia.com/ngc/nvidia-deep-learning-container-license

=========================================================
================= NVIDIA HPC Benchmarks =================

=========================================================
================= NVIDIA HPC Benchmarks =================
=========================================================
NVIDIA Release 24.06
Copyright (c) 2023, NVIDIA CORPORATION & AFFILIATES. All rights reserved.

Various files include modifications (c) NVIDIA CORPORATION & AFFILIATES.  All rights reserved.

This container image and its contents are governed by the NVIDIA Deep Learning Container License.
By pulling and using the container, you accept the terms and conditions of this license:
https://developer.nvidia.com/ngc/nvidia-deep-learning-container-license
=========================================================
NVIDIA Release 24.06
Copyright (c) 2023, NVIDIA CORPORATION & AFFILIATES. All rights reserved.

Various files include modifications (c) NVIDIA CORPORATION & AFFILIATES.  All rights reserved.

This container image and its contents are governed by the NVIDIA Deep Learning Container License.
By pulling and using the container, you accept the terms and conditions of this license:
https://developer.nvidia.com/ngc/nvidia-deep-learning-container-license









=========================================================
================= NVIDIA HPC Benchmarks =================
=========================================================
NVIDIA Release 24.06
Copyright (c) 2023, NVIDIA CORPORATION & AFFILIATES. All rights reserved.

Various files include modifications (c) NVIDIA CORPORATION & AFFILIATES.  All rights reserved.

This container image and its contents are governed by the NVIDIA Deep Learning Container License.
By pulling and using the container, you accept the terms and conditions of this license:
https://developer.nvidia.com/ngc/nvidia-deep-learning-container-license

=========================================================
================= NVIDIA HPC Benchmarks =================

=========================================================
================= NVIDIA HPC Benchmarks =================

=========================================================
================= NVIDIA HPC Benchmarks =================
=========================================================
NVIDIA Release 24.06
Copyright (c) 2023, NVIDIA CORPORATION & AFFILIATES. All rights reserved.
=========================================================
NVIDIA Release 24.06

Various files include modifications (c) NVIDIA CORPORATION & AFFILIATES.  All rights reserved.

This container image and its contents are governed by the NVIDIA Deep Learning Container License.
By pulling and using the container, you accept the terms and conditions of this license:
https://developer.nvidia.com/ngc/nvidia-deep-learning-container-license
Copyright (c) 2023, NVIDIA CORPORATION & AFFILIATES. All rights reserved.
=========================================================
NVIDIA Release 24.06

Various files include modifications (c) NVIDIA CORPORATION & AFFILIATES.  All rights reserved.

This container image and its contents are governed by the NVIDIA Deep Learning Container License.
By pulling and using the container, you accept the terms and conditions of this license:
https://developer.nvidia.com/ngc/nvidia-deep-learning-container-license
Copyright (c) 2023, NVIDIA CORPORATION & AFFILIATES. All rights reserved.

Various files include modifications (c) NVIDIA CORPORATION & AFFILIATES.  All rights reserved.

This container image and its contents are governed by the NVIDIA Deep Learning Container License.
By pulling and using the container, you accept the terms and conditions of this license:
https://developer.nvidia.com/ngc/nvidia-deep-learning-container-license

=========================================================
================= NVIDIA HPC Benchmarks =================
=========================================================
NVIDIA Release 24.06
Copyright (c) 2023, NVIDIA CORPORATION & AFFILIATES. All rights reserved.

=========================================================
================= NVIDIA HPC Benchmarks =================

Various files include modifications (c) NVIDIA CORPORATION & AFFILIATES.  All rights reserved.

This container image and its contents are governed by the NVIDIA Deep Learning Container License.
By pulling and using the container, you accept the terms and conditions of this license:
https://developer.nvidia.com/ngc/nvidia-deep-learning-container-license
=========================================================
NVIDIA Release 24.06
Copyright (c) 2023, NVIDIA CORPORATION & AFFILIATES. All rights reserved.

Various files include modifications (c) NVIDIA CORPORATION & AFFILIATES.  All rights reserved.

This container image and its contents are governed by the NVIDIA Deep Learning Container License.
By pulling and using the container, you accept the terms and conditions of this license:
https://developer.nvidia.com/ngc/nvidia-deep-learning-container-license

=========================================================
================= NVIDIA HPC Benchmarks =================

=========================================================
================= NVIDIA HPC Benchmarks =================
=========================================================
NVIDIA Release 24.06
=========================================================
NVIDIA Release 24.06
Copyright (c) 2023, NVIDIA CORPORATION & AFFILIATES. All rights reserved.
Copyright (c) 2023, NVIDIA CORPORATION & AFFILIATES. All rights reserved.

Various files include modifications (c) NVIDIA CORPORATION & AFFILIATES.  All rights reserved.

This container image and its contents are governed by the NVIDIA Deep Learning Container License.
By pulling and using the container, you accept the terms and conditions of this license:
https://developer.nvidia.com/ngc/nvidia-deep-learning-container-license

Various files include modifications (c) NVIDIA CORPORATION & AFFILIATES.  All rights reserved.

This container image and its contents are governed by the NVIDIA Deep Learning Container License.
By pulling and using the container, you accept the terms and conditions of this license:
https://developer.nvidia.com/ngc/nvidia-deep-learning-container-license









=========================================================
================= NVIDIA HPC Benchmarks =================
=========================================================
NVIDIA Release 24.06
Copyright (c) 2023, NVIDIA CORPORATION & AFFILIATES. All rights reserved.

=========================================================
================= NVIDIA HPC Benchmarks =================

Various files include modifications (c) NVIDIA CORPORATION & AFFILIATES.  All rights reserved.

This container image and its contents are governed by the NVIDIA Deep Learning Container License.
By pulling and using the container, you accept the terms and conditions of this license:
https://developer.nvidia.com/ngc/nvidia-deep-learning-container-license
=========================================================
NVIDIA Release 24.06
Copyright (c) 2023, NVIDIA CORPORATION & AFFILIATES. All rights reserved.

Various files include modifications (c) NVIDIA CORPORATION & AFFILIATES.  All rights reserved.

This container image and its contents are governed by the NVIDIA Deep Learning Container License.
By pulling and using the container, you accept the terms and conditions of this license:
https://developer.nvidia.com/ngc/nvidia-deep-learning-container-license

=========================================================
================= NVIDIA HPC Benchmarks =================
=========================================================
NVIDIA Release 24.06

=========================================================
================= NVIDIA HPC Benchmarks =================
Copyright (c) 2023, NVIDIA CORPORATION & AFFILIATES. All rights reserved.

Various files include modifications (c) NVIDIA CORPORATION & AFFILIATES.  All rights reserved.

This container image and its contents are governed by the NVIDIA Deep Learning Container License.
By pulling and using the container, you accept the terms and conditions of this license:
https://developer.nvidia.com/ngc/nvidia-deep-learning-container-license

=========================================================
================= NVIDIA HPC Benchmarks =================
=========================================================
NVIDIA Release 24.06
Copyright (c) 2023, NVIDIA CORPORATION & AFFILIATES. All rights reserved.

Various files include modifications (c) NVIDIA CORPORATION & AFFILIATES.  All rights reserved.

This container image and its contents are governed by the NVIDIA Deep Learning Container License.
By pulling and using the container, you accept the terms and conditions of this license:
https://developer.nvidia.com/ngc/nvidia-deep-learning-container-license
=========================================================
NVIDIA Release 24.06

=========================================================
================= NVIDIA HPC Benchmarks =================
Copyright (c) 2023, NVIDIA CORPORATION & AFFILIATES. All rights reserved.

Various files include modifications (c) NVIDIA CORPORATION & AFFILIATES.  All rights reserved.

This container image and its contents are governed by the NVIDIA Deep Learning Container License.
By pulling and using the container, you accept the terms and conditions of this license:
https://developer.nvidia.com/ngc/nvidia-deep-learning-container-license
=========================================================
NVIDIA Release 24.06
Copyright (c) 2023, NVIDIA CORPORATION & AFFILIATES. All rights reserved.

Various files include modifications (c) NVIDIA CORPORATION & AFFILIATES.  All rights reserved.

This container image and its contents are governed by the NVIDIA Deep Learning Container License.
By pulling and using the container, you accept the terms and conditions of this license:
https://developer.nvidia.com/ngc/nvidia-deep-learning-container-license

=========================================================
================= NVIDIA HPC Benchmarks =================
=========================================================
NVIDIA Release 24.06
Copyright (c) 2023, NVIDIA CORPORATION & AFFILIATES. All rights reserved.

Various files include modifications (c) NVIDIA CORPORATION & AFFILIATES.  All rights reserved.

This container image and its contents are governed by the NVIDIA Deep Learning Container License.
By pulling and using the container, you accept the terms and conditions of this license:
https://developer.nvidia.com/ngc/nvidia-deep-learning-container-license

=========================================================
================= NVIDIA HPC Benchmarks =================
=========================================================
NVIDIA Release 24.06
Copyright (c) 2023, NVIDIA CORPORATION & AFFILIATES. All rights reserved.

Various files include modifications (c) NVIDIA CORPORATION & AFFILIATES.  All rights reserved.

This container image and its contents are governed by the NVIDIA Deep Learning Container License.
By pulling and using the container, you accept the terms and conditions of this license:
https://developer.nvidia.com/ngc/nvidia-deep-learning-container-license








HPCG-NVIDIA 24.6.0  -- NVIDIA accelerated HPCG benchmark -- NVIDIA
Build v0.5.3 

Start of application (GPU-Only) ...
Initial Residual = 11304.4
Iteration = 1   Scaled Residual = 0.186679
Iteration = 2   Scaled Residual = 0.102562
Iteration = 3   Scaled Residual = 0.0708169
Iteration = 4   Scaled Residual = 0.0541091
Iteration = 5   Scaled Residual = 0.0437576
Iteration = 6   Scaled Residual = 0.0367107
Iteration = 7   Scaled Residual = 0.0316121
Iteration = 8   Scaled Residual = 0.0277661
Iteration = 9   Scaled Residual = 0.0247719
Iteration = 10   Scaled Residual = 0.0223765
Iteration = 11   Scaled Residual = 0.0204105
Iteration = 12   Scaled Residual = 0.0187576
Iteration = 13   Scaled Residual = 0.0173375
Iteration = 14   Scaled Residual = 0.0160995
Iteration = 15   Scaled Residual = 0.0150126
Iteration = 16   Scaled Residual = 0.0140567
Iteration = 17   Scaled Residual = 0.0132171
Iteration = 18   Scaled Residual = 0.0124801
Iteration = 19   Scaled Residual = 0.01183
Iteration = 20   Scaled Residual = 0.0112505
Iteration = 21   Scaled Residual = 0.0107262
Iteration = 22   Scaled Residual = 0.010244
Iteration = 23   Scaled Residual = 0.00979711
Iteration = 24   Scaled Residual = 0.00938376
Iteration = 25   Scaled Residual = 0.00900528
Iteration = 26   Scaled Residual = 0.00866434
Iteration = 27   Scaled Residual = 0.00836168
Iteration = 28   Scaled Residual = 0.00809436
Iteration = 29   Scaled Residual = 0.00785625
Iteration = 30   Scaled Residual = 0.00763841
Iteration = 31   Scaled Residual = 0.00743172
Iteration = 32   Scaled Residual = 0.00723063
Iteration = 33   Scaled Residual = 0.00703311
Iteration = 34   Scaled Residual = 0.00683943
Iteration = 35   Scaled Residual = 0.00664959
Iteration = 36   Scaled Residual = 0.00646027
Iteration = 37   Scaled Residual = 0.00626613
Iteration = 38   Scaled Residual = 0.00606467
Iteration = 39   Scaled Residual = 0.00585985
Iteration = 40   Scaled Residual = 0.00566094
Iteration = 41   Scaled Residual = 0.00547446
Iteration = 42   Scaled Residual = 0.00530383
Iteration = 43   Scaled Residual = 0.00515553
Iteration = 44   Scaled Residual = 0.0050298
Iteration = 45   Scaled Residual = 0.00491953
Iteration = 46   Scaled Residual = 0.00481944
Iteration = 47   Scaled Residual = 0.00472162
Iteration = 48   Scaled Residual = 0.00462407
Iteration = 49   Scaled Residual = 0.0045241
Iteration = 50   Scaled Residual = 0.00442526
GPU Rank Info:
 | cuSPARSE version 12.3
 | Reference CPU memory = 6453.38 MB
 | GPU Name: 'NVIDIA H100 80GB HBM3' 
 | GPU Memory Use: 14066 MB / 81116 MB
 | Process Grid: 2x2x2
 | Local Domain: 256x256x256
 | Number of CPU Threads: 224
 | Slice Size: 2048
WARNING: PERFORMING UNPRECONDITIONED ITERATIONS
Call [0] Number of Iterations [11] Scaled Residual [1.19684e-14]
WARNING: PERFORMING UNPRECONDITIONED ITERATIONS
Call [1] Number of Iterations [11] Scaled Residual [1.19684e-14]
Call [0] Number of Iterations [2] Scaled Residual [1.44728e-17]
Call [1] Number of Iterations [2] Scaled Residual [1.44728e-17]
Departure from symmetry (scaled) for SpMV abs(x'*A*y - y'*A*x) = 0
Departure from symmetry (scaled) for MG abs(x'*Minv*y - y'*Minv*x) = 6.5795e-12
SpMV call [0] Residual [0]
SpMV call [1] Residual [0]
Initial Residual = 11304.4
Iteration = 1   Scaled Residual = 0.220782
Iteration = 2   Scaled Residual = 0.119582
Iteration = 3   Scaled Residual = 0.0813921
Iteration = 4   Scaled Residual = 0.0616581
Iteration = 5   Scaled Residual = 0.0496728
Iteration = 6   Scaled Residual = 0.0415839
Iteration = 7   Scaled Residual = 0.0357695
Iteration = 8   Scaled Residual = 0.0313917
Iteration = 9   Scaled Residual = 0.0279657
Iteration = 10   Scaled Residual = 0.0252145
Iteration = 11   Scaled Residual = 0.0229567
Iteration = 12   Scaled Residual = 0.0210669
Iteration = 13   Scaled Residual = 0.0194657
Iteration = 14   Scaled Residual = 0.0180904
Iteration = 15   Scaled Residual = 0.0168947
Iteration = 16   Scaled Residual = 0.0158475
Iteration = 17   Scaled Residual = 0.0149227
Iteration = 18   Scaled Residual = 0.0141012
Iteration = 19   Scaled Residual = 0.0133675
Iteration = 20   Scaled Residual = 0.0127084
Iteration = 21   Scaled Residual = 0.0121147
Iteration = 22   Scaled Residual = 0.0115778
Iteration = 23   Scaled Residual = 0.0110906
Iteration = 24   Scaled Residual = 0.0106464
Iteration = 25   Scaled Residual = 0.0102382
Iteration = 26   Scaled Residual = 0.00986058
Iteration = 27   Scaled Residual = 0.00950818
Iteration = 28   Scaled Residual = 0.00917513
Iteration = 29   Scaled Residual = 0.0088578
Iteration = 30   Scaled Residual = 0.00855244
Iteration = 31   Scaled Residual = 0.00825767
Iteration = 32   Scaled Residual = 0.00797354
Iteration = 33   Scaled Residual = 0.00770055
Iteration = 34   Scaled Residual = 0.00743929
Iteration = 35   Scaled Residual = 0.00719158
Iteration = 36   Scaled Residual = 0.00695714
Iteration = 37   Scaled Residual = 0.00673668
Iteration = 38   Scaled Residual = 0.00653021
Iteration = 39   Scaled Residual = 0.00633844
Iteration = 40   Scaled Residual = 0.00616225
Iteration = 41   Scaled Residual = 0.00600213
Iteration = 42   Scaled Residual = 0.00585373
Iteration = 43   Scaled Residual = 0.00571183
Iteration = 44   Scaled Residual = 0.00557234
Iteration = 45   Scaled Residual = 0.00543671
Iteration = 46   Scaled Residual = 0.00530511
Iteration = 47   Scaled Residual = 0.00517327
Iteration = 48   Scaled Residual = 0.00503965
Iteration = 49   Scaled Residual = 0.00490952
Iteration = 50   Scaled Residual = 0.00478137
Iteration = 51   Scaled Residual = 0.00465656
Iteration = 52   Scaled Residual = 0.00453913
Iteration = 53   Scaled Residual = 0.004427
Iteration = 54   Scaled Residual = 0.00432293
Call [0] Scaled Residual [0.00432293]
Call [1] Scaled Residual [0.00432293]
Call [2] Scaled Residual [0.00432293]
Call [3] Scaled Residual [0.00432293]
Call [4] Scaled Residual [0.00432293]
Call [5] Scaled Residual [0.00432293]
Call [6] Scaled Residual [0.00432293]
Call [7] Scaled Residual [0.00432293]
Call [8] Scaled Residual [0.00432293]
Call [9] Scaled Residual [0.00432293]
Call [10] Scaled Residual [0.00432293]
Call [11] Scaled Residual [0.00432293]
Call [12] Scaled Residual [0.00432293]
Call [13] Scaled Residual [0.00432293]
Call [14] Scaled Residual [0.00432293]
Call [15] Scaled Residual [0.00432293]
Call [16] Scaled Residual [0.00432293]
Call [17] Scaled Residual [0.00432293]
Call [18] Scaled Residual [0.00432293]
Call [19] Scaled Residual [0.00432293]
Call [20] Scaled Residual [0.00432293]
Call [21] Scaled Residual [0.00432293]
Call [22] Scaled Residual [0.00432293]
Call [23] Scaled Residual [0.00432293]
Call [24] Scaled Residual [0.00432293]
Call [25] Scaled Residual [0.00432293]
Call [26] Scaled Residual [0.00432293]
Call [27] Scaled Residual [0.00432293]
Call [28] Scaled Residual [0.00432293]
Call [29] Scaled Residual [0.00432293]
Call [30] Scaled Residual [0.00432293]
Call [31] Scaled Residual [0.00432293]
Call [32] Scaled Residual [0.00432293]
Call [33] Scaled Residual [0.00432293]
Call [34] Scaled Residual [0.00432293]
Call [35] Scaled Residual [0.00432293]
Call [36] Scaled Residual [0.00432293]
Call [37] Scaled Residual [0.00432293]
Call [38] Scaled Residual [0.00432293]
Call [39] Scaled Residual [0.00432293]
Call [40] Scaled Residual [0.00432293]
Call [41] Scaled Residual [0.00432293]
Call [42] Scaled Residual [0.00432293]
Call [43] Scaled Residual [0.00432293]
Call [44] Scaled Residual [0.00432293]
Call [45] Scaled Residual [0.00432293]
Call [46] Scaled Residual [0.00432293]
Call [47] Scaled Residual [0.00432293]
Call [48] Scaled Residual [0.00432293]
Call [49] Scaled Residual [0.00432293]
Call [50] Scaled Residual [0.00432293]
Call [51] Scaled Residual [0.00432293]
Call [52] Scaled Residual [0.00432293]
Call [53] Scaled Residual [0.00432293]
Call [54] Scaled Residual [0.00432293]
Call [55] Scaled Residual [0.00432293]
Call [56] Scaled Residual [0.00432293]
Call [57] Scaled Residual [0.00432293]
Call [58] Scaled Residual [0.00432293]
Call [59] Scaled Residual [0.00432293]
Call [60] Scaled Residual [0.00432293]
Call [61] Scaled Residual [0.00432293]
Call [62] Scaled Residual [0.00432293]
Call [63] Scaled Residual [0.00432293]
Call [64] Scaled Residual [0.00432293]
Call [65] Scaled Residual [0.00432293]
Call [66] Scaled Residual [0.00432293]
Call [67] Scaled Residual [0.00432293]
Call [68] Scaled Residual [0.00432293]
Call [69] Scaled Residual [0.00432293]
Call [70] Scaled Residual [0.00432293]
Call [71] Scaled Residual [0.00432293]
Call [72] Scaled Residual [0.00432293]
Call [73] Scaled Residual [0.00432293]
Call [74] Scaled Residual [0.00432293]
Call [75] Scaled Residual [0.00432293]
Call [76] Scaled Residual [0.00432293]
Call [77] Scaled Residual [0.00432293]
Call [78] Scaled Residual [0.00432293]
Call [79] Scaled Residual [0.00432293]
Call [80] Scaled Residual [0.00432293]
Call [81] Scaled Residual [0.00432293]
Call [82] Scaled Residual [0.00432293]
Call [83] Scaled Residual [0.00432293]
Call [84] Scaled Residual [0.00432293]
Call [85] Scaled Residual [0.00432293]
Call [86] Scaled Residual [0.00432293]
Call [87] Scaled Residual [0.00432293]
Call [88] Scaled Residual [0.00432293]
Call [89] Scaled Residual [0.00432293]
Call [90] Scaled Residual [0.00432293]
Call [91] Scaled Residual [0.00432293]
Call [92] Scaled Residual [0.00432293]
Call [93] Scaled Residual [0.00432293]
Call [94] Scaled Residual [0.00432293]
Call [95] Scaled Residual [0.00432293]
Call [96] Scaled Residual [0.00432293]
Call [97] Scaled Residual [0.00432293]
Call [98] Scaled Residual [0.00432293]
Call [99] Scaled Residual [0.00432293]
Call [100] Scaled Residual [0.00432293]
Call [101] Scaled Residual [0.00432293]
Call [102] Scaled Residual [0.00432293]
Call [103] Scaled Residual [0.00432293]
Call [104] Scaled Residual [0.00432293]
Call [105] Scaled Residual [0.00432293]
Call [106] Scaled Residual [0.00432293]
Call [107] Scaled Residual [0.00432293]
Call [108] Scaled Residual [0.00432293]
Call [109] Scaled Residual [0.00432293]
Call [110] Scaled Residual [0.00432293]
Call [111] Scaled Residual [0.00432293]
Call [112] Scaled Residual [0.00432293]
Call [113] Scaled Residual [0.00432293]
Call [114] Scaled Residual [0.00432293]
Call [115] Scaled Residual [0.00432293]
Call [116] Scaled Residual [0.00432293]
Call [117] Scaled Residual [0.00432293]
Call [118] Scaled Residual [0.00432293]
Call [119] Scaled Residual [0.00432293]
Call [120] Scaled Residual [0.00432293]
Call [121] Scaled Residual [0.00432293]
Call [122] Scaled Residual [0.00432293]
Call [123] Scaled Residual [0.00432293]
Call [124] Scaled Residual [0.00432293]
Call [125] Scaled Residual [0.00432293]
Call [126] Scaled Residual [0.00432293]
Call [127] Scaled Residual [0.00432293]
Call [128] Scaled Residual [0.00432293]
Call [129] Scaled Residual [0.00432293]
Call [130] Scaled Residual [0.00432293]
Call [131] Scaled Residual [0.00432293]
Call [132] Scaled Residual [0.00432293]
Call [133] Scaled Residual [0.00432293]
Call [134] Scaled Residual [0.00432293]
Call [135] Scaled Residual [0.00432293]
Call [136] Scaled Residual [0.00432293]
Call [137] Scaled Residual [0.00432293]
Call [138] Scaled Residual [0.00432293]
Call [139] Scaled Residual [0.00432293]
Call [140] Scaled Residual [0.00432293]
Call [141] Scaled Residual [0.00432293]
Call [142] Scaled Residual [0.00432293]
Call [143] Scaled Residual [0.00432293]
Call [144] Scaled Residual [0.00432293]
Call [145] Scaled Residual [0.00432293]
Call [146] Scaled Residual [0.00432293]
Call [147] Scaled Residual [0.00432293]
Call [148] Scaled Residual [0.00432293]
Call [149] Scaled Residual [0.00432293]
Call [150] Scaled Residual [0.00432293]
Call [151] Scaled Residual [0.00432293]
Call [152] Scaled Residual [0.00432293]
Call [153] Scaled Residual [0.00432293]
Call [154] Scaled Residual [0.00432293]
Call [155] Scaled Residual [0.00432293]
Call [156] Scaled Residual [0.00432293]
Call [157] Scaled Residual [0.00432293]
Call [158] Scaled Residual [0.00432293]
Call [159] Scaled Residual [0.00432293]
Call [160] Scaled Residual [0.00432293]
Call [161] Scaled Residual [0.00432293]
Call [162] Scaled Residual [0.00432293]
Call [163] Scaled Residual [0.00432293]
Call [164] Scaled Residual [0.00432293]
Call [165] Scaled Residual [0.00432293]
Call [166] Scaled Residual [0.00432293]
Call [167] Scaled Residual [0.00432293]
Call [168] Scaled Residual [0.00432293]
Call [169] Scaled Residual [0.00432293]
Call [170] Scaled Residual [0.00432293]
Call [171] Scaled Residual [0.00432293]
Call [172] Scaled Residual [0.00432293]
Call [173] Scaled Residual [0.00432293]
Call [174] Scaled Residual [0.00432293]
Call [175] Scaled Residual [0.00432293]
Call [176] Scaled Residual [0.00432293]
Call [177] Scaled Residual [0.00432293]
Call [178] Scaled Residual [0.00432293]
Call [179] Scaled Residual [0.00432293]
Call [180] Scaled Residual [0.00432293]
Call [181] Scaled Residual [0.00432293]
Call [182] Scaled Residual [0.00432293]
Call [183] Scaled Residual [0.00432293]
Call [184] Scaled Residual [0.00432293]
Call [185] Scaled Residual [0.00432293]
Call [186] Scaled Residual [0.00432293]
Call [187] Scaled Residual [0.00432293]
Call [188] Scaled Residual [0.00432293]
Call [189] Scaled Residual [0.00432293]
Call [190] Scaled Residual [0.00432293]
Call [191] Scaled Residual [0.00432293]
Call [192] Scaled Residual [0.00432293]
Call [193] Scaled Residual [0.00432293]
Call [194] Scaled Residual [0.00432293]
Call [195] Scaled Residual [0.00432293]
Call [196] Scaled Residual [0.00432293]
Call [197] Scaled Residual [0.00432293]
Call [198] Scaled Residual [0.00432293]
Call [199] Scaled Residual [0.00432293]
Call [200] Scaled Residual [0.00432293]
Call [201] Scaled Residual [0.00432293]
Call [202] Scaled Residual [0.00432293]
Call [203] Scaled Residual [0.00432293]
Call [204] Scaled Residual [0.00432293]
Call [205] Scaled Residual [0.00432293]
Call [206] Scaled Residual [0.00432293]
Call [207] Scaled Residual [0.00432293]
Call [208] Scaled Residual [0.00432293]
Call [209] Scaled Residual [0.00432293]
Call [210] Scaled Residual [0.00432293]
Call [211] Scaled Residual [0.00432293]
Call [212] Scaled Residual [0.00432293]
Call [213] Scaled Residual [0.00432293]
Call [214] Scaled Residual [0.00432293]
Call [215] Scaled Residual [0.00432293]
Call [216] Scaled Residual [0.00432293]
Call [217] Scaled Residual [0.00432293]
Call [218] Scaled Residual [0.00432293]
Call [219] Scaled Residual [0.00432293]
Call [220] Scaled Residual [0.00432293]
Call [221] Scaled Residual [0.00432293]
Call [222] Scaled Residual [0.00432293]
Call [223] Scaled Residual [0.00432293]
Call [224] Scaled Residual [0.00432293]
Call [225] Scaled Residual [0.00432293]
Call [226] Scaled Residual [0.00432293]
Call [227] Scaled Residual [0.00432293]
Call [228] Scaled Residual [0.00432293]
Call [229] Scaled Residual [0.00432293]
Call [230] Scaled Residual [0.00432293]
Call [231] Scaled Residual [0.00432293]
Call [232] Scaled Residual [0.00432293]
Call [233] Scaled Residual [0.00432293]
Call [234] Scaled Residual [0.00432293]
Call [235] Scaled Residual [0.00432293]
Call [236] Scaled Residual [0.00432293]
Call [237] Scaled Residual [0.00432293]
Call [238] Scaled Residual [0.00432293]
Call [239] Scaled Residual [0.00432293]
Call [240] Scaled Residual [0.00432293]
Call [241] Scaled Residual [0.00432293]
Call [242] Scaled Residual [0.00432293]
Call [243] Scaled Residual [0.00432293]
Call [244] Scaled Residual [0.00432293]
Call [245] Scaled Residual [0.00432293]
Call [246] Scaled Residual [0.00432293]
Call [247] Scaled Residual [0.00432293]
Call [248] Scaled Residual [0.00432293]
Call [249] Scaled Residual [0.00432293]
Call [250] Scaled Residual [0.00432293]
Call [251] Scaled Residual [0.00432293]
Call [252] Scaled Residual [0.00432293]
Call [253] Scaled Residual [0.00432293]
Call [254] Scaled Residual [0.00432293]
Call [255] Scaled Residual [0.00432293]
Call [256] Scaled Residual [0.00432293]
Call [257] Scaled Residual [0.00432293]
Call [258] Scaled Residual [0.00432293]
Call [259] Scaled Residual [0.00432293]
Call [260] Scaled Residual [0.00432293]
Call [261] Scaled Residual [0.00432293]
Call [262] Scaled Residual [0.00432293]
Call [263] Scaled Residual [0.00432293]
Call [264] Scaled Residual [0.00432293]
Call [265] Scaled Residual [0.00432293]
Call [266] Scaled Residual [0.00432293]
Call [267] Scaled Residual [0.00432293]
Call [268] Scaled Residual [0.00432293]
Call [269] Scaled Residual [0.00432293]
Call [270] Scaled Residual [0.00432293]
Call [271] Scaled Residual [0.00432293]
Call [272] Scaled Residual [0.00432293]
Call [273] Scaled Residual [0.00432293]
Call [274] Scaled Residual [0.00432293]
Call [275] Scaled Residual [0.00432293]
Call [276] Scaled Residual [0.00432293]
Call [277] Scaled Residual [0.00432293]
Call [278] Scaled Residual [0.00432293]
Call [279] Scaled Residual [0.00432293]
Call [280] Scaled Residual [0.00432293]
Call [281] Scaled Residual [0.00432293]
Call [282] Scaled Residual [0.00432293]
Call [283] Scaled Residual [0.00432293]
Call [284] Scaled Residual [0.00432293]
Call [285] Scaled Residual [0.00432293]
Call [286] Scaled Residual [0.00432293]
Call [287] Scaled Residual [0.00432293]
Call [288] Scaled Residual [0.00432293]
Call [289] Scaled Residual [0.00432293]
Call [290] Scaled Residual [0.00432293]
Call [291] Scaled Residual [0.00432293]
Call [292] Scaled Residual [0.00432293]
Call [293] Scaled Residual [0.00432293]
Call [294] Scaled Residual [0.00432293]
Call [295] Scaled Residual [0.00432293]
Call [296] Scaled Residual [0.00432293]
Call [297] Scaled Residual [0.00432293]
Call [298] Scaled Residual [0.00432293]
Call [299] Scaled Residual [0.00432293]
Call [300] Scaled Residual [0.00432293]
Call [301] Scaled Residual [0.00432293]
Call [302] Scaled Residual [0.00432293]
Call [303] Scaled Residual [0.00432293]
Call [304] Scaled Residual [0.00432293]
Call [305] Scaled Residual [0.00432293]
Call [306] Scaled Residual [0.00432293]
Call [307] Scaled Residual [0.00432293]
Call [308] Scaled Residual [0.00432293]
Call [309] Scaled Residual [0.00432293]
Call [310] Scaled Residual [0.00432293]
Call [311] Scaled Residual [0.00432293]
Call [312] Scaled Residual [0.00432293]
Call [313] Scaled Residual [0.00432293]
Call [314] Scaled Residual [0.00432293]
Call [315] Scaled Residual [0.00432293]
Call [316] Scaled Residual [0.00432293]
Call [317] Scaled Residual [0.00432293]
Call [318] Scaled Residual [0.00432293]
Call [319] Scaled Residual [0.00432293]
Call [320] Scaled Residual [0.00432293]
Call [321] Scaled Residual [0.00432293]
Call [322] Scaled Residual [0.00432293]
Call [323] Scaled Residual [0.00432293]
Call [324] Scaled Residual [0.00432293]
Call [325] Scaled Residual [0.00432293]
Call [326] Scaled Residual [0.00432293]
Call [327] Scaled Residual [0.00432293]
Call [328] Scaled Residual [0.00432293]
Call [329] Scaled Residual [0.00432293]
Call [330] Scaled Residual [0.00432293]
Call [331] Scaled Residual [0.00432293]
Call [332] Scaled Residual [0.00432293]
Call [333] Scaled Residual [0.00432293]
Call [334] Scaled Residual [0.00432293]
Call [335] Scaled Residual [0.00432293]
Call [336] Scaled Residual [0.00432293]
Call [337] Scaled Residual [0.00432293]
Call [338] Scaled Residual [0.00432293]
Call [339] Scaled Residual [0.00432293]
Call [340] Scaled Residual [0.00432293]
Call [341] Scaled Residual [0.00432293]
Call [342] Scaled Residual [0.00432293]
Call [343] Scaled Residual [0.00432293]
Call [344] Scaled Residual [0.00432293]
Call [345] Scaled Residual [0.00432293]
Call [346] Scaled Residual [0.00432293]
Call [347] Scaled Residual [0.00432293]
Call [348] Scaled Residual [0.00432293]
Call [349] Scaled Residual [0.00432293]
Call [350] Scaled Residual [0.00432293]
Call [351] Scaled Residual [0.00432293]
Call [352] Scaled Residual [0.00432293]
Call [353] Scaled Residual [0.00432293]
Call [354] Scaled Residual [0.00432293]
Call [355] Scaled Residual [0.00432293]
Call [356] Scaled Residual [0.00432293]
Call [357] Scaled Residual [0.00432293]
Call [358] Scaled Residual [0.00432293]
Call [359] Scaled Residual [0.00432293]
Call [360] Scaled Residual [0.00432293]
Call [361] Scaled Residual [0.00432293]
Call [362] Scaled Residual [0.00432293]
Call [363] Scaled Residual [0.00432293]
Call [364] Scaled Residual [0.00432293]
Call [365] Scaled Residual [0.00432293]
Call [366] Scaled Residual [0.00432293]
Call [367] Scaled Residual [0.00432293]
Call [368] Scaled Residual [0.00432293]
Call [369] Scaled Residual [0.00432293]
Call [370] Scaled Residual [0.00432293]
Call [371] Scaled Residual [0.00432293]
Call [372] Scaled Residual [0.00432293]
Call [373] Scaled Residual [0.00432293]
Call [374] Scaled Residual [0.00432293]
Call [375] Scaled Residual [0.00432293]
Call [376] Scaled Residual [0.00432293]
Call [377] Scaled Residual [0.00432293]
Call [378] Scaled Residual [0.00432293]
Call [379] Scaled Residual [0.00432293]
Call [380] Scaled Residual [0.00432293]
Call [381] Scaled Residual [0.00432293]
Call [382] Scaled Residual [0.00432293]
Call [383] Scaled Residual [0.00432293]
Call [384] Scaled Residual [0.00432293]
Call [385] Scaled Residual [0.00432293]
Call [386] Scaled Residual [0.00432293]
Call [387] Scaled Residual [0.00432293]
Call [388] Scaled Residual [0.00432293]
Call [389] Scaled Residual [0.00432293]
Call [390] Scaled Residual [0.00432293]
Call [391] Scaled Residual [0.00432293]
Call [392] Scaled Residual [0.00432293]
Call [393] Scaled Residual [0.00432293]
Call [394] Scaled Residual [0.00432293]
Call [395] Scaled Residual [0.00432293]
Call [396] Scaled Residual [0.00432293]
Call [397] Scaled Residual [0.00432293]
Call [398] Scaled Residual [0.00432293]
Call [399] Scaled Residual [0.00432293]
Call [400] Scaled Residual [0.00432293]
Call [401] Scaled Residual [0.00432293]
Call [402] Scaled Residual [0.00432293]
Call [403] Scaled Residual [0.00432293]
Call [404] Scaled Residual [0.00432293]
Call [405] Scaled Residual [0.00432293]
Call [406] Scaled Residual [0.00432293]
Call [407] Scaled Residual [0.00432293]
Call [408] Scaled Residual [0.00432293]
Call [409] Scaled Residual [0.00432293]
Call [410] Scaled Residual [0.00432293]
Call [411] Scaled Residual [0.00432293]
Call [412] Scaled Residual [0.00432293]
Call [413] Scaled Residual [0.00432293]
Call [414] Scaled Residual [0.00432293]
Call [415] Scaled Residual [0.00432293]
Call [416] Scaled Residual [0.00432293]
Call [417] Scaled Residual [0.00432293]
Call [418] Scaled Residual [0.00432293]
Call [419] Scaled Residual [0.00432293]
Call [420] Scaled Residual [0.00432293]
Call [421] Scaled Residual [0.00432293]
Call [422] Scaled Residual [0.00432293]
Call [423] Scaled Residual [0.00432293]
Call [424] Scaled Residual [0.00432293]
Call [425] Scaled Residual [0.00432293]
Call [426] Scaled Residual [0.00432293]
Call [427] Scaled Residual [0.00432293]
Call [428] Scaled Residual [0.00432293]
Call [429] Scaled Residual [0.00432293]
Call [430] Scaled Residual [0.00432293]
Call [431] Scaled Residual [0.00432293]
Call [432] Scaled Residual [0.00432293]
Call [433] Scaled Residual [0.00432293]
Call [434] Scaled Residual [0.00432293]
Call [435] Scaled Residual [0.00432293]
Call [436] Scaled Residual [0.00432293]
Call [437] Scaled Residual [0.00432293]
Call [438] Scaled Residual [0.00432293]
Call [439] Scaled Residual [0.00432293]
Call [440] Scaled Residual [0.00432293]
Call [441] Scaled Residual [0.00432293]
Call [442] Scaled Residual [0.00432293]
Call [443] Scaled Residual [0.00432293]
Call [444] Scaled Residual [0.00432293]
Call [445] Scaled Residual [0.00432293]
Call [446] Scaled Residual [0.00432293]
Call [447] Scaled Residual [0.00432293]
Call [448] Scaled Residual [0.00432293]
Call [449] Scaled Residual [0.00432293]
Call [450] Scaled Residual [0.00432293]
Call [451] Scaled Residual [0.00432293]
Call [452] Scaled Residual [0.00432293]
Call [453] Scaled Residual [0.00432293]
Call [454] Scaled Residual [0.00432293]
Call [455] Scaled Residual [0.00432293]
Call [456] Scaled Residual [0.00432293]
Call [457] Scaled Residual [0.00432293]
Call [458] Scaled Residual [0.00432293]
Call [459] Scaled Residual [0.00432293]
Call [460] Scaled Residual [0.00432293]
Call [461] Scaled Residual [0.00432293]
Call [462] Scaled Residual [0.00432293]
Call [463] Scaled Residual [0.00432293]
Call [464] Scaled Residual [0.00432293]
Call [465] Scaled Residual [0.00432293]
HPCG-Benchmark
version=3.1
Release date=March 28, 2019
Machine Summary=
Machine Summary::Distributed Processes=8
Machine Summary::Threads per processes=224
Global Problem Dimensions=
Global Problem Dimensions::Global nx=512
Global Problem Dimensions::Global ny=512
Global Problem Dimensions::Global nz=512
Processor Dimensions=
Processor Dimensions::npx=2
Processor Dimensions::npy=2
Processor Dimensions::npz=2
Local Domain Dimensions=
Local Domain Dimensions::nx=256
Local Domain Dimensions::ny=256
########## Problem Summary  ##########=
Setup Information=
Setup Information::Setup Time=0.319858
Linear System Information=
Linear System Information::Number of Equations=134217728
Linear System Information::Number of Nonzero Terms=3609741304
Multigrid Information=
Multigrid Information::Number of coarse grid levels=3
Multigrid Information::Coarse Grids=
Multigrid Information::Coarse Grids::Grid Level=1
Multigrid Information::Coarse Grids::Number of Equations=16777216
Multigrid Information::Coarse Grids::Number of Nonzero Terms=449455096
Multigrid Information::Coarse Grids::Number of Presmoother Steps=1
Multigrid Information::Coarse Grids::Number of Postsmoother Steps=1
Multigrid Information::Coarse Grids::Grid Level=2
Multigrid Information::Coarse Grids::Number of Equations=2097152
Multigrid Information::Coarse Grids::Number of Nonzero Terms=55742968
Multigrid Information::Coarse Grids::Number of Presmoother Steps=1
Multigrid Information::Coarse Grids::Number of Postsmoother Steps=1
Multigrid Information::Coarse Grids::Grid Level=3
Multigrid Information::Coarse Grids::Number of Equations=262144
Multigrid Information::Coarse Grids::Number of Nonzero Terms=6859000
Multigrid Information::Coarse Grids::Number of Presmoother Steps=1
Multigrid Information::Coarse Grids::Number of Postsmoother Steps=1
########## Memory Use Summary  ##########=
Memory Use Information=
Memory Use Information::Total memory used for data (Gbytes)=95.9584
Memory Use Information::Memory used for OptimizeProblem data (Gbytes)=0
Memory Use Information::Bytes per equation (Total memory / Number of Equations)=714.946
Memory Use Information::Memory used for linear system and CG (Gbytes)=84.4482
Memory Use Information::Coarse Grids=
Memory Use Information::Coarse Grids::Grid Level=1
Memory Use Information::Coarse Grids::Memory used=10.09
Memory Use Information::Coarse Grids::Grid Level=2
Memory Use Information::Coarse Grids::Memory used=1.26214
Memory Use Information::Coarse Grids::Grid Level=3
Memory Use Information::Coarse Grids::Memory used=0.157993
########## V&V Testing Summary  ##########=
Spectral Convergence Tests=
Spectral Convergence Tests::Result=PASSED
Spectral Convergence Tests::Unpreconditioned=
Spectral Convergence Tests::Unpreconditioned::Maximum iteration count=11
Spectral Convergence Tests::Unpreconditioned::Expected iteration count=12
Spectral Convergence Tests::Preconditioned=
Spectral Convergence Tests::Preconditioned::Maximum iteration count=2
Spectral Convergence Tests::Preconditioned::Expected iteration count=2
Departure from Symmetry |x'Ay-y'Ax|/(2*||x||*||A||*||y||)/epsilon=
Departure from Symmetry |x'Ay-y'Ax|/(2*||x||*||A||*||y||)/epsilon::Result=PASSED
Departure from Symmetry |x'Ay-y'Ax|/(2*||x||*||A||*||y||)/epsilon::Departure for SpMV=0
Departure from Symmetry |x'Ay-y'Ax|/(2*||x||*||A||*||y||)/epsilon::Departure for MG=6.5795e-12
########## Iterations Summary  ##########=
Iteration Count Information=
Iteration Count Information::Result=PASSED
Iteration Count Information::Reference CG iterations per set=50
Iteration Count Information::Optimized CG iterations per set=54
Iteration Count Information::Total number of reference iterations=23300
Iteration Count Information::Total number of optimized iterations=25164
########## Reproducibility Summary  ##########=
Reproducibility Information=
Reproducibility Information::Result=PASSED
Reproducibility Information::Scaled residual mean=0.00432293
Reproducibility Information::Scaled residual variance=0
########## Performance Summary (times in sec) ##########=
Benchmark Time Summary=
Benchmark Time Summary::Optimization phase=0.23759
Benchmark Time Summary::DDOT=11.8942
Benchmark Time Summary::WAXPBY=10.0934
Benchmark Time Summary::SpMV=54.917
Benchmark Time Summary::MG=223.627
Benchmark Time Summary::Total=300.547
Floating Point Operations Summary=
Floating Point Operations Summary::Raw DDOT=2.03898e+13
Floating Point Operations Summary::Raw WAXPBY=2.03898e+13
Floating Point Operations Summary::Raw SpMV=1.85035e+14
Floating Point Operations Summary::Raw MG=1.03617e+15
Floating Point Operations Summary::Total=1.26199e+15
Floating Point Operations Summary::Total with convergence overhead=1.16851e+15
GB/s Summary=
GB/s Summary::Raw Read B/W=25864.6
GB/s Summary::Raw Write B/W=5978.18
GB/s Summary::Raw Total B/W=31842.8
GB/s Summary::Total with convergence and optimization phase overhead=27138.4
GFLOP/s Summary=
GFLOP/s Summary::Raw DDOT=1714.27
GFLOP/s Summary::Raw WAXPBY=2020.12
GFLOP/s Summary::Raw SpMV=3369.36
GFLOP/s Summary::Raw MG=4633.49
GFLOP/s Summary::Raw Total=4198.97
GFLOP/s Summary::Total with convergence overhead=3887.94
GFLOP/s Summary::Total with convergence and optimization phase overhead=3578.63
User Optimization Overheads=
User Optimization Overheads::Optimization phase time (sec)=0.23759
User Optimization Overheads::Optimization phase time vs reference SpMV+MG time=0.0408809
DDOT Timing Variations=
DDOT Timing Variations::Min DDOT MPI_Allreduce time=1.28626
DDOT Timing Variations::Max DDOT MPI_Allreduce time=4.24318
DDOT Timing Variations::Avg DDOT MPI_Allreduce time=2.52063
Final Summary=
Final Summary::HPCG result is VALID with a GFLOP/s rating of=3578.63
Final Summary::HPCG 2.4 rating for historical reasons is=3749.8
Final Summary::Results are valid but execution time (sec) is=300.547
Final Summary::Official results execution time (sec) must be at least=1800
